0 info it worked if it ends with ok
1 verbose cli [ '/usr/bin/node',
1 verbose cli   '/usr/bin/npm',
1 verbose cli   '-g',
1 verbose cli   'install',
1 verbose cli   'wpa_cli_apscan' ]
2 info using npm@1.4.28
3 info using node@v0.10.32
4 verbose cache add [ 'wpa_cli_apscan', null ]
5 verbose cache add name=undefined spec="wpa_cli_apscan" args=["wpa_cli_apscan",null]
6 verbose parsed url { protocol: null,
6 verbose parsed url   slashes: null,
6 verbose parsed url   auth: null,
6 verbose parsed url   host: null,
6 verbose parsed url   port: null,
6 verbose parsed url   hostname: null,
6 verbose parsed url   hash: null,
6 verbose parsed url   search: null,
6 verbose parsed url   query: null,
6 verbose parsed url   pathname: 'wpa_cli_apscan',
6 verbose parsed url   path: 'wpa_cli_apscan',
6 verbose parsed url   href: 'wpa_cli_apscan' }
7 silly lockFile bcd4381e-wpa-cli-apscan wpa_cli_apscan
8 verbose lock wpa_cli_apscan /home/root/.npm/bcd4381e-wpa-cli-apscan.lock
9 silly lockFile bcd4381e-wpa-cli-apscan wpa_cli_apscan
10 silly lockFile bcd4381e-wpa-cli-apscan wpa_cli_apscan
11 verbose addNamed [ 'wpa_cli_apscan', '' ]
12 verbose addNamed [ null, '*' ]
13 silly lockFile bd97bf7e-wpa-cli-apscan wpa_cli_apscan@
14 verbose lock wpa_cli_apscan@ /home/root/.npm/bd97bf7e-wpa-cli-apscan.lock
15 silly addNameRange { name: 'wpa_cli_apscan', range: '*', hasData: false }
16 verbose request where is /wpa_cli_apscan
17 verbose request registry https://registry.npmjs.org/
18 verbose request id 65d5038874449ee8
19 verbose url raw /wpa_cli_apscan
20 verbose url resolving [ 'https://registry.npmjs.org/', './wpa_cli_apscan' ]
21 verbose url resolved https://registry.npmjs.org/wpa_cli_apscan
22 verbose request where is https://registry.npmjs.org/wpa_cli_apscan
23 info trying registry request attempt 1 at 08:18:49
24 http GET https://registry.npmjs.org/wpa_cli_apscan
25 http 404 https://registry.npmjs.org/wpa_cli_apscan
26 verbose headers { date: 'Sun, 04 Jan 2015 08:18:49 GMT',
26 verbose headers   server: 'CouchDB/1.5.0 (Erlang OTP/R16B03)',
26 verbose headers   'content-type': 'application/json',
26 verbose headers   'cache-control': 'max-age=0',
26 verbose headers   'content-length': '52',
26 verbose headers   'accept-ranges': 'bytes',
26 verbose headers   via: '1.1 varnish',
26 verbose headers   'x-served-by': 'cache-ty68-TYO',
26 verbose headers   'x-cache': 'MISS',
26 verbose headers   'x-cache-hits': '0',
26 verbose headers   'x-timer': 'S1420359529.626897,VS0,VE188',
26 verbose headers   'keep-alive': 'timeout=10, max=50',
26 verbose headers   connection: 'Keep-Alive' }
27 silly registry.get cb [ 404,
27 silly registry.get   { date: 'Sun, 04 Jan 2015 08:18:49 GMT',
27 silly registry.get     server: 'CouchDB/1.5.0 (Erlang OTP/R16B03)',
27 silly registry.get     'content-type': 'application/json',
27 silly registry.get     'cache-control': 'max-age=0',
27 silly registry.get     'content-length': '52',
27 silly registry.get     'accept-ranges': 'bytes',
27 silly registry.get     via: '1.1 varnish',
27 silly registry.get     'x-served-by': 'cache-ty68-TYO',
27 silly registry.get     'x-cache': 'MISS',
27 silly registry.get     'x-cache-hits': '0',
27 silly registry.get     'x-timer': 'S1420359529.626897,VS0,VE188',
27 silly registry.get     'keep-alive': 'timeout=10, max=50',
27 silly registry.get     connection: 'Keep-Alive' } ]
28 silly lockFile bd97bf7e-wpa-cli-apscan wpa_cli_apscan@
29 silly lockFile bd97bf7e-wpa-cli-apscan wpa_cli_apscan@
30 error 404 404 Not Found: wpa_cli_apscan
30 error 404
30 error 404 'wpa_cli_apscan' is not in the npm registry.
30 error 404 You should bug the author to publish it
30 error 404
30 error 404 Note that you can also install from a
30 error 404 tarball, folder, or http url, or git url.
31 error System Linux 3.10.17-poky-edison+
32 error command "/usr/bin/node" "/usr/bin/npm" "-g" "install" "wpa_cli_apscan"
33 error cwd /home/coder/coder-dist/coder-base/apps/wifi
34 error node -v v0.10.32
35 error npm -v 1.4.28
36 error code E404
37 verbose exit [ 1, true ]
